{"/Users/elenatereshchenko/Desktop/CTD/node-homework/app.js": {"path":"/Users/elenatereshchenko/Desktop/CTD/node-homework/app.js","statementMap":{"0":{"start":{"line":1,"column":16},"end":{"line":1,"column":34}},"1":{"start":{"line":3,"column":12},"end":{"line":3,"column":21}},"2":{"start":{"line":5,"column":0},"end":{"line":5,"column":26}},"3":{"start":{"line":6,"column":15},"end":{"line":6,"column":32}},"4":{"start":{"line":7,"column":16},"end":{"line":7,"column":48}},"5":{"start":{"line":8,"column":20},"end":{"line":8,"column":49}},"6":{"start":{"line":9,"column":21},"end":{"line":9,"column":45}},"7":{"start":{"line":12,"column":0},"end":{"line":12,"column":22}},"8":{"start":{"line":13,"column":0},"end":{"line":13,"column":18}},"9":{"start":{"line":14,"column":0},"end":{"line":14,"column":18}},"10":{"start":{"line":16,"column":0},"end":{"line":21,"column":2}},"11":{"start":{"line":23,"column":0},"end":{"line":23,"column":18}},"12":{"start":{"line":26,"column":0},"end":{"line":26,"column":24}},"13":{"start":{"line":29,"column":0},"end":{"line":29,"column":40}},"14":{"start":{"line":31,"column":0},"end":{"line":31,"column":15}},"15":{"start":{"line":34,"column":0},"end":{"line":39,"column":5}},"16":{"start":{"line":35,"column":4},"end":{"line":35,"column":39}},"17":{"start":{"line":36,"column":4},"end":{"line":36,"column":35}},"18":{"start":{"line":37,"column":4},"end":{"line":37,"column":37}},"19":{"start":{"line":38,"column":4},"end":{"line":38,"column":11}},"20":{"start":{"line":42,"column":21},"end":{"line":42,"column":60}},"21":{"start":{"line":43,"column":19},"end":{"line":43,"column":49}},"22":{"start":{"line":47,"column":19},"end":{"line":47,"column":49}},"23":{"start":{"line":50,"column":22},"end":{"line":50,"column":59}},"24":{"start":{"line":56,"column":15},"end":{"line":56,"column":37}},"25":{"start":{"line":59,"column":24},"end":{"line":59,"column":59}},"26":{"start":{"line":62,"column":0},"end":{"line":64,"column":3}},"27":{"start":{"line":63,"column":2},"end":{"line":63,"column":41}},"28":{"start":{"line":66,"column":0},"end":{"line":68,"column":3}},"29":{"start":{"line":67,"column":2},"end":{"line":67,"column":62}},"30":{"start":{"line":71,"column":0},"end":{"line":80,"column":3}},"31":{"start":{"line":72,"column":2},"end":{"line":79,"column":3}},"32":{"start":{"line":73,"column":4},"end":{"line":73,"column":37}},"33":{"start":{"line":74,"column":4},"end":{"line":74,"column":48}},"34":{"start":{"line":76,"column":4},"end":{"line":78,"column":74}},"35":{"start":{"line":83,"column":0},"end":{"line":83,"column":34}},"36":{"start":{"line":86,"column":0},"end":{"line":86,"column":49}},"37":{"start":{"line":88,"column":0},"end":{"line":88,"column":58}},"38":{"start":{"line":92,"column":17},"end":{"line":92,"column":50}},"39":{"start":{"line":93,"column":21},"end":{"line":93,"column":58}},"40":{"start":{"line":95,"column":0},"end":{"line":95,"column":18}},"41":{"start":{"line":96,"column":0},"end":{"line":96,"column":22}},"42":{"start":{"line":99,"column":13},"end":{"line":99,"column":37}},"43":{"start":{"line":100,"column":15},"end":{"line":102,"column":5}},"44":{"start":{"line":101,"column":6},"end":{"line":101,"column":59}},"45":{"start":{"line":103,"column":4},"end":{"line":110,"column":9}},"46":{"start":{"line":104,"column":8},"end":{"line":108,"column":9}},"47":{"start":{"line":105,"column":10},"end":{"line":105,"column":59}},"48":{"start":{"line":107,"column":10},"end":{"line":107,"column":46}},"49":{"start":{"line":109,"column":8},"end":{"line":109,"column":24}},"50":{"start":{"line":112,"column":27},"end":{"line":112,"column":32}},"51":{"start":{"line":114,"column":8},"end":{"line":114,"column":35}},"52":{"start":{"line":114,"column":28},"end":{"line":114,"column":35}},"53":{"start":{"line":115,"column":8},"end":{"line":115,"column":30}},"54":{"start":{"line":116,"column":8},"end":{"line":116,"column":51}},"55":{"start":{"line":117,"column":8},"end":{"line":135,"column":9}},"56":{"start":{"line":118,"column":10},"end":{"line":118,"column":62}},"57":{"start":{"line":118,"column":39},"end":{"line":118,"column":60}},"58":{"start":{"line":119,"column":10},"end":{"line":119,"column":45}},"59":{"start":{"line":125,"column":4},"end":{"line":125,"column":31}},"60":{"start":{"line":126,"column":4},"end":{"line":126,"column":39}},"61":{"start":{"line":130,"column":10},"end":{"line":130,"column":55}},"62":{"start":{"line":131,"column":10},"end":{"line":131,"column":19}},"63":{"start":{"line":133,"column":10},"end":{"line":133,"column":44}},"64":{"start":{"line":134,"column":10},"end":{"line":134,"column":29}},"65":{"start":{"line":138,"column":6},"end":{"line":138,"column":46}},"66":{"start":{"line":138,"column":33},"end":{"line":138,"column":44}},"67":{"start":{"line":139,"column":6},"end":{"line":139,"column":47}},"68":{"start":{"line":139,"column":34},"end":{"line":139,"column":45}},"69":{"start":{"line":140,"column":6},"end":{"line":143,"column":9}},"70":{"start":{"line":141,"column":8},"end":{"line":141,"column":50}},"71":{"start":{"line":142,"column":8},"end":{"line":142,"column":20}},"72":{"start":{"line":144,"column":6},"end":{"line":147,"column":9}},"73":{"start":{"line":145,"column":8},"end":{"line":145,"column":54}},"74":{"start":{"line":146,"column":8},"end":{"line":146,"column":20}},"75":{"start":{"line":148,"column":0},"end":{"line":148,"column":33}}},"fnMap":{"0":{"name":"(anonymous_0)","decl":{"start":{"line":34,"column":8},"end":{"line":34,"column":9}},"loc":{"start":{"line":34,"column":28},"end":{"line":39,"column":3}},"line":34},"1":{"name":"(anonymous_1)","decl":{"start":{"line":62,"column":13},"end":{"line":62,"column":14}},"loc":{"start":{"line":62,"column":27},"end":{"line":64,"column":1}},"line":62},"2":{"name":"(anonymous_2)","decl":{"start":{"line":66,"column":22},"end":{"line":66,"column":23}},"loc":{"start":{"line":66,"column":36},"end":{"line":68,"column":1}},"line":66},"3":{"name":"(anonymous_3)","decl":{"start":{"line":71,"column":19},"end":{"line":71,"column":20}},"loc":{"start":{"line":71,"column":39},"end":{"line":80,"column":1}},"line":71},"4":{"name":"(anonymous_4)","decl":{"start":{"line":100,"column":32},"end":{"line":100,"column":33}},"loc":{"start":{"line":101,"column":6},"end":{"line":101,"column":59}},"line":101},"5":{"name":"(anonymous_5)","decl":{"start":{"line":103,"column":23},"end":{"line":103,"column":24}},"loc":{"start":{"line":103,"column":32},"end":{"line":110,"column":7}},"line":103},"6":{"name":"shutdown","decl":{"start":{"line":113,"column":21},"end":{"line":113,"column":29}},"loc":{"start":{"line":113,"column":40},"end":{"line":136,"column":7}},"line":113},"7":{"name":"(anonymous_7)","decl":{"start":{"line":118,"column":28},"end":{"line":118,"column":29}},"loc":{"start":{"line":118,"column":39},"end":{"line":118,"column":60}},"line":118},"8":{"name":"(anonymous_8)","decl":{"start":{"line":138,"column":27},"end":{"line":138,"column":28}},"loc":{"start":{"line":138,"column":33},"end":{"line":138,"column":44}},"line":138},"9":{"name":"(anonymous_9)","decl":{"start":{"line":139,"column":28},"end":{"line":139,"column":29}},"loc":{"start":{"line":139,"column":34},"end":{"line":139,"column":45}},"line":139},"10":{"name":"(anonymous_10)","decl":{"start":{"line":140,"column":38},"end":{"line":140,"column":39}},"loc":{"start":{"line":140,"column":47},"end":{"line":143,"column":7}},"line":140},"11":{"name":"(anonymous_11)","decl":{"start":{"line":144,"column":39},"end":{"line":144,"column":40}},"loc":{"start":{"line":144,"column":51},"end":{"line":147,"column":7}},"line":144}},"branchMap":{"0":{"loc":{"start":{"line":99,"column":13},"end":{"line":99,"column":37}},"type":"binary-expr","locations":[{"start":{"line":99,"column":13},"end":{"line":99,"column":29}},{"start":{"line":99,"column":33},"end":{"line":99,"column":37}}],"line":99},"1":{"loc":{"start":{"line":104,"column":8},"end":{"line":108,"column":9}},"type":"if","locations":[{"start":{"line":104,"column":8},"end":{"line":108,"column":9}},{"start":{"line":106,"column":15},"end":{"line":108,"column":9}}],"line":104},"2":{"loc":{"start":{"line":113,"column":30},"end":{"line":113,"column":38}},"type":"default-arg","locations":[{"start":{"line":113,"column":37},"end":{"line":113,"column":38}}],"line":113},"3":{"loc":{"start":{"line":114,"column":8},"end":{"line":114,"column":35}},"type":"if","locations":[{"start":{"line":114,"column":8},"end":{"line":114,"column":35}},{"start":{},"end":{}}],"line":114}},"s":{"0":1,"1":1,"2":1,"3":1,"4":1,"5":1,"6":1,"7":1,"8":1,"9":1,"10":1,"11":1,"12":1,"13":1,"14":1,"15":1,"16":3,"17":3,"18":3,"19":3,"20":1,"21":1,"22":1,"23":1,"24":1,"25":1,"26":1,"27":0,"28":1,"29":0,"30":1,"31":0,"32":0,"33":0,"34":0,"35":1,"36":1,"37":1,"38":1,"39":1,"40":1,"41":1,"42":1,"43":1,"44":1,"45":1,"46":0,"47":0,"48":0,"49":0,"50":1,"51":0,"52":0,"53":0,"54":0,"55":0,"56":0,"57":0,"58":0,"59":0,"60":0,"61":0,"62":0,"63":0,"64":0,"65":1,"66":0,"67":1,"68":0,"69":1,"70":0,"71":0,"72":1,"73":0,"74":0,"75":1},"f":{"0":3,"1":0,"2":0,"3":0,"4":1,"5":0,"6":0,"7":0,"8":0,"9":0,"10":0,"11":0},"b":{"0":[1,1],"1":[0,0],"2":[0],"3":[0,0]},"_coverageSchema":"1a1c01bbd47fc00a2c39e90264f33305004495a9","hash":"88afa7b580b7a6316cf3c8113f9b4ae0b45ac48d"}
,"/Users/elenatereshchenko/Desktop/CTD/node-homework/controllers/analyticsController.js": {"path":"/Users/elenatereshchenko/Desktop/CTD/node-homework/controllers/analyticsController.js","statementMap":{"0":{"start":{"line":1,"column":15},"end":{"line":1,"column":38}},"1":{"start":{"line":3,"column":22},"end":{"line":67,"column":3}},"2":{"start":{"line":4,"column":19},"end":{"line":4,"column":42}},"3":{"start":{"line":6,"column":4},"end":{"line":8,"column":5}},"4":{"start":{"line":7,"column":6},"end":{"line":7,"column":66}},"5":{"start":{"line":10,"column":4},"end":{"line":66,"column":5}},"6":{"start":{"line":12,"column":19},"end":{"line":15,"column":8}},"7":{"start":{"line":17,"column":6},"end":{"line":19,"column":7}},"8":{"start":{"line":18,"column":8},"end":{"line":18,"column":67}},"9":{"start":{"line":22,"column":24},"end":{"line":26,"column":8}},"10":{"start":{"line":29,"column":26},"end":{"line":44,"column":8}},"11":{"start":{"line":47,"column":25},"end":{"line":47,"column":35}},"12":{"start":{"line":48,"column":6},"end":{"line":48,"column":51}},"13":{"start":{"line":50,"column":29},"end":{"line":57,"column":8}},"14":{"start":{"line":59,"column":6},"end":{"line":63,"column":9}},"15":{"start":{"line":65,"column":6},"end":{"line":65,"column":23}},"16":{"start":{"line":69,"column":30},"end":{"line":123,"column":3}},"17":{"start":{"line":70,"column":17},"end":{"line":70,"column":46}},"18":{"start":{"line":71,"column":18},"end":{"line":71,"column":49}},"19":{"start":{"line":72,"column":4},"end":{"line":74,"column":7}},"20":{"start":{"line":73,"column":8},"end":{"line":73,"column":70}},"21":{"start":{"line":76,"column":6},"end":{"line":78,"column":7}},"22":{"start":{"line":77,"column":8},"end":{"line":77,"column":84}},"23":{"start":{"line":79,"column":17},"end":{"line":79,"column":35}},"24":{"start":{"line":81,"column":4},"end":{"line":122,"column":5}},"25":{"start":{"line":82,"column":23},"end":{"line":96,"column":8}},"26":{"start":{"line":98,"column":20},"end":{"line":105,"column":9}},"27":{"start":{"line":98,"column":44},"end":{"line":105,"column":7}},"28":{"start":{"line":107,"column":20},"end":{"line":107,"column":45}},"29":{"start":{"line":108,"column":20},"end":{"line":108,"column":44}},"30":{"start":{"line":110,"column":25},"end":{"line":117,"column":7}},"31":{"start":{"line":119,"column":6},"end":{"line":119,"column":57}},"32":{"start":{"line":121,"column":6},"end":{"line":121,"column":23}},"33":{"start":{"line":125,"column":21},"end":{"line":177,"column":3}},"34":{"start":{"line":126,"column":24},"end":{"line":126,"column":50}},"35":{"start":{"line":128,"column":4},"end":{"line":132,"column":5}},"36":{"start":{"line":129,"column":6},"end":{"line":131,"column":9}},"37":{"start":{"line":134,"column":18},"end":{"line":134,"column":49}},"38":{"start":{"line":135,"column":4},"end":{"line":137,"column":7}},"39":{"start":{"line":136,"column":8},"end":{"line":136,"column":84}},"40":{"start":{"line":140,"column":26},"end":{"line":140,"column":44}},"41":{"start":{"line":141,"column":23},"end":{"line":141,"column":34}},"42":{"start":{"line":142,"column":23},"end":{"line":142,"column":40}},"43":{"start":{"line":144,"column":4},"end":{"line":176,"column":5}},"44":{"start":{"line":145,"column":22},"end":{"line":167,"column":7}},"45":{"start":{"line":169,"column":6},"end":{"line":173,"column":9}},"46":{"start":{"line":175,"column":6},"end":{"line":175,"column":23}},"47":{"start":{"line":179,"column":2},"end":{"line":186,"column":4}}},"fnMap":{"0":{"name":"(anonymous_0)","decl":{"start":{"line":3,"column":22},"end":{"line":3,"column":23}},"loc":{"start":{"line":3,"column":48},"end":{"line":67,"column":3}},"line":3},"1":{"name":"(anonymous_1)","decl":{"start":{"line":69,"column":30},"end":{"line":69,"column":31}},"loc":{"start":{"line":69,"column":56},"end":{"line":123,"column":3}},"line":69},"2":{"name":"(anonymous_2)","decl":{"start":{"line":98,"column":33},"end":{"line":98,"column":34}},"loc":{"start":{"line":98,"column":44},"end":{"line":105,"column":7}},"line":98},"3":{"name":"(anonymous_3)","decl":{"start":{"line":125,"column":21},"end":{"line":125,"column":22}},"loc":{"start":{"line":125,"column":47},"end":{"line":177,"column":3}},"line":125}},"branchMap":{"0":{"loc":{"start":{"line":6,"column":4},"end":{"line":8,"column":5}},"type":"if","locations":[{"start":{"line":6,"column":4},"end":{"line":8,"column":5}},{"start":{},"end":{}}],"line":6},"1":{"loc":{"start":{"line":17,"column":6},"end":{"line":19,"column":7}},"type":"if","locations":[{"start":{"line":17,"column":6},"end":{"line":19,"column":7}},{"start":{},"end":{}}],"line":17},"2":{"loc":{"start":{"line":70,"column":17},"end":{"line":70,"column":46}},"type":"binary-expr","locations":[{"start":{"line":70,"column":17},"end":{"line":70,"column":41}},{"start":{"line":70,"column":45},"end":{"line":70,"column":46}}],"line":70},"3":{"loc":{"start":{"line":71,"column":18},"end":{"line":71,"column":49}},"type":"binary-expr","locations":[{"start":{"line":71,"column":18},"end":{"line":71,"column":43}},{"start":{"line":71,"column":47},"end":{"line":71,"column":49}}],"line":71},"4":{"loc":{"start":{"line":72,"column":4},"end":{"line":74,"column":7}},"type":"if","locations":[{"start":{"line":72,"column":4},"end":{"line":74,"column":7}},{"start":{},"end":{}}],"line":72},"5":{"loc":{"start":{"line":76,"column":6},"end":{"line":78,"column":7}},"type":"if","locations":[{"start":{"line":76,"column":6},"end":{"line":78,"column":7}},{"start":{},"end":{}}],"line":76},"6":{"loc":{"start":{"line":76,"column":10},"end":{"line":76,"column":34}},"type":"binary-expr","locations":[{"start":{"line":76,"column":10},"end":{"line":76,"column":19}},{"start":{"line":76,"column":23},"end":{"line":76,"column":34}}],"line":76},"7":{"loc":{"start":{"line":126,"column":25},"end":{"line":126,"column":42}},"type":"binary-expr","locations":[{"start":{"line":126,"column":25},"end":{"line":126,"column":36}},{"start":{"line":126,"column":40},"end":{"line":126,"column":42}}],"line":126},"8":{"loc":{"start":{"line":128,"column":4},"end":{"line":132,"column":5}},"type":"if","locations":[{"start":{"line":128,"column":4},"end":{"line":132,"column":5}},{"start":{},"end":{}}],"line":128},"9":{"loc":{"start":{"line":134,"column":18},"end":{"line":134,"column":49}},"type":"binary-expr","locations":[{"start":{"line":134,"column":18},"end":{"line":134,"column":43}},{"start":{"line":134,"column":47},"end":{"line":134,"column":49}}],"line":134},"10":{"loc":{"start":{"line":135,"column":4},"end":{"line":137,"column":7}},"type":"if","locations":[{"start":{"line":135,"column":4},"end":{"line":137,"column":7}},{"start":{},"end":{}}],"line":135},"11":{"loc":{"start":{"line":135,"column":8},"end":{"line":135,"column":32}},"type":"binary-expr","locations":[{"start":{"line":135,"column":8},"end":{"line":135,"column":17}},{"start":{"line":135,"column":21},"end":{"line":135,"column":32}}],"line":135}},"s":{"0":1,"1":1,"2":0,"3":0,"4":0,"5":0,"6":0,"7":0,"8":0,"9":0,"10":0,"11":0,"12":0,"13":0,"14":0,"15":0,"16":1,"17":0,"18":0,"19":0,"20":0,"21":0,"22":0,"23":0,"24":0,"25":0,"26":0,"27":0,"28":0,"29":0,"30":0,"31":0,"32":0,"33":1,"34":0,"35":0,"36":0,"37":0,"38":0,"39":0,"40":0,"41":0,"42":0,"43":0,"44":0,"45":0,"46":0,"47":1},"f":{"0":0,"1":0,"2":0,"3":0},"b":{"0":[0,0],"1":[0,0],"2":[0,0],"3":[0,0],"4":[0,0],"5":[0,0],"6":[0,0],"7":[0,0],"8":[0,0],"9":[0,0],"10":[0,0],"11":[0,0]},"_coverageSchema":"1a1c01bbd47fc00a2c39e90264f33305004495a9","hash":"1b25263cc548bf4aa5f95869c6f0ffdf8c38027b"}
,"/Users/elenatereshchenko/Desktop/CTD/node-homework/controllers/taskController.js": {"path":"/Users/elenatereshchenko/Desktop/CTD/node-homework/controllers/taskController.js","statementMap":{"0":{"start":{"line":1,"column":40},"end":{"line":1,"column":75}},"1":{"start":{"line":3,"column":15},"end":{"line":3,"column":38}},"2":{"start":{"line":6,"column":15},"end":{"line":37,"column":1}},"3":{"start":{"line":7,"column":2},"end":{"line":7,"column":31}},"4":{"start":{"line":7,"column":17},"end":{"line":7,"column":31}},"5":{"start":{"line":9,"column":27},"end":{"line":9,"column":79}},"6":{"start":{"line":11,"column":2},"end":{"line":13,"column":3}},"7":{"start":{"line":12,"column":4},"end":{"line":12,"column":60}},"8":{"start":{"line":15,"column":2},"end":{"line":36,"column":3}},"9":{"start":{"line":16,"column":24},"end":{"line":16,"column":72}},"10":{"start":{"line":18,"column":17},"end":{"line":31,"column":6}},"11":{"start":{"line":33,"column":4},"end":{"line":33,"column":38}},"12":{"start":{"line":35,"column":4},"end":{"line":35,"column":21}},"13":{"start":{"line":40,"column":14},"end":{"line":103,"column":1}},"14":{"start":{"line":41,"column":15},"end":{"line":41,"column":44}},"15":{"start":{"line":42,"column":14},"end":{"line":42,"column":45}},"16":{"start":{"line":43,"column":0},"end":{"line":45,"column":1}},"17":{"start":{"line":44,"column":2},"end":{"line":44,"column":64}},"18":{"start":{"line":47,"column":0},"end":{"line":49,"column":1}},"19":{"start":{"line":48,"column":2},"end":{"line":48,"column":78}},"20":{"start":{"line":51,"column":13},"end":{"line":51,"column":31}},"21":{"start":{"line":52,"column":20},"end":{"line":52,"column":43}},"22":{"start":{"line":54,"column":0},"end":{"line":59,"column":1}},"23":{"start":{"line":55,"column":2},"end":{"line":58,"column":4}},"24":{"start":{"line":61,"column":2},"end":{"line":102,"column":3}},"25":{"start":{"line":62,"column":18},"end":{"line":80,"column":6}},"26":{"start":{"line":81,"column":18},"end":{"line":83,"column":6}},"27":{"start":{"line":84,"column":18},"end":{"line":84,"column":42}},"28":{"start":{"line":86,"column":19},"end":{"line":93,"column":1}},"29":{"start":{"line":99,"column":4},"end":{"line":99,"column":55}},"30":{"start":{"line":101,"column":4},"end":{"line":101,"column":21}},"31":{"start":{"line":106,"column":13},"end":{"line":147,"column":1}},"32":{"start":{"line":107,"column":21},"end":{"line":107,"column":45}},"33":{"start":{"line":110,"column":2},"end":{"line":114,"column":3}},"34":{"start":{"line":111,"column":4},"end":{"line":113,"column":61}},"35":{"start":{"line":116,"column":2},"end":{"line":146,"column":3}},"36":{"start":{"line":117,"column":17},"end":{"line":137,"column":6}},"37":{"start":{"line":139,"column":4},"end":{"line":141,"column":5}},"38":{"start":{"line":140,"column":6},"end":{"line":140,"column":74}},"39":{"start":{"line":143,"column":4},"end":{"line":143,"column":26}},"40":{"start":{"line":145,"column":4},"end":{"line":145,"column":21}},"41":{"start":{"line":150,"column":15},"end":{"line":223,"column":1}},"42":{"start":{"line":151,"column":21},"end":{"line":151,"column":45}},"43":{"start":{"line":154,"column":2},"end":{"line":158,"column":3}},"44":{"start":{"line":155,"column":4},"end":{"line":157,"column":61}},"45":{"start":{"line":160,"column":2},"end":{"line":160,"column":31}},"46":{"start":{"line":160,"column":17},"end":{"line":160,"column":31}},"47":{"start":{"line":162,"column":27},"end":{"line":162,"column":84}},"48":{"start":{"line":164,"column":2},"end":{"line":166,"column":3}},"49":{"start":{"line":165,"column":4},"end":{"line":165,"column":60}},"50":{"start":{"line":169,"column":21},"end":{"line":169,"column":23}},"51":{"start":{"line":170,"column":2},"end":{"line":170,"column":64}},"52":{"start":{"line":170,"column":33},"end":{"line":170,"column":64}},"53":{"start":{"line":173,"column":4},"end":{"line":173,"column":43}},"54":{"start":{"line":175,"column":2},"end":{"line":177,"column":3}},"55":{"start":{"line":176,"column":4},"end":{"line":176,"column":49}},"56":{"start":{"line":178,"column":2},"end":{"line":178,"column":73}},"57":{"start":{"line":178,"column":36},"end":{"line":178,"column":73}},"58":{"start":{"line":181,"column":2},"end":{"line":201,"column":3}},"59":{"start":{"line":182,"column":4},"end":{"line":200,"column":5}},"60":{"start":{"line":183,"column":19},"end":{"line":191,"column":8}},"61":{"start":{"line":193,"column":6},"end":{"line":195,"column":7}},"62":{"start":{"line":194,"column":8},"end":{"line":194,"column":76}},"63":{"start":{"line":197,"column":6},"end":{"line":197,"column":28}},"64":{"start":{"line":199,"column":6},"end":{"line":199,"column":23}},"65":{"start":{"line":204,"column":2},"end":{"line":222,"column":3}},"66":{"start":{"line":205,"column":17},"end":{"line":214,"column":6}},"67":{"start":{"line":216,"column":4},"end":{"line":216,"column":26}},"68":{"start":{"line":218,"column":4},"end":{"line":220,"column":5}},"69":{"start":{"line":219,"column":6},"end":{"line":219,"column":74}},"70":{"start":{"line":221,"column":4},"end":{"line":221,"column":21}},"71":{"start":{"line":226,"column":19},"end":{"line":260,"column":1}},"72":{"start":{"line":227,"column":21},"end":{"line":227,"column":45}},"73":{"start":{"line":230,"column":2},"end":{"line":234,"column":3}},"74":{"start":{"line":231,"column":4},"end":{"line":233,"column":61}},"75":{"start":{"line":236,"column":2},"end":{"line":259,"column":3}},"76":{"start":{"line":237,"column":24},"end":{"line":250,"column":6}},"77":{"start":{"line":252,"column":4},"end":{"line":252,"column":33}},"78":{"start":{"line":255,"column":4},"end":{"line":257,"column":5}},"79":{"start":{"line":256,"column":6},"end":{"line":256,"column":74}},"80":{"start":{"line":258,"column":4},"end":{"line":258,"column":21}},"81":{"start":{"line":262,"column":19},"end":{"line":306,"column":1}},"82":{"start":{"line":263,"column":20},"end":{"line":263,"column":34}},"83":{"start":{"line":266,"column":2},"end":{"line":270,"column":3}},"84":{"start":{"line":267,"column":4},"end":{"line":269,"column":7}},"85":{"start":{"line":273,"column":21},"end":{"line":273,"column":23}},"86":{"start":{"line":274,"column":2},"end":{"line":289,"column":3}},"87":{"start":{"line":275,"column":29},"end":{"line":275,"column":77}},"88":{"start":{"line":276,"column":4},"end":{"line":281,"column":5}},"89":{"start":{"line":277,"column":6},"end":{"line":280,"column":9}},"90":{"start":{"line":283,"column":4},"end":{"line":288,"column":7}},"91":{"start":{"line":292,"column":2},"end":{"line":305,"column":3}},"92":{"start":{"line":293,"column":19},"end":{"line":296,"column":6}},"93":{"start":{"line":298,"column":4},"end":{"line":302,"column":7}},"94":{"start":{"line":304,"column":4},"end":{"line":304,"column":21}},"95":{"start":{"line":308,"column":0},"end":{"line":315,"column":2}}},"fnMap":{"0":{"name":"(anonymous_0)","decl":{"start":{"line":6,"column":15},"end":{"line":6,"column":16}},"loc":{"start":{"line":6,"column":41},"end":{"line":37,"column":1}},"line":6},"1":{"name":"(anonymous_1)","decl":{"start":{"line":40,"column":14},"end":{"line":40,"column":15}},"loc":{"start":{"line":40,"column":40},"end":{"line":103,"column":1}},"line":40},"2":{"name":"(anonymous_2)","decl":{"start":{"line":106,"column":13},"end":{"line":106,"column":14}},"loc":{"start":{"line":106,"column":39},"end":{"line":147,"column":1}},"line":106},"3":{"name":"(anonymous_3)","decl":{"start":{"line":150,"column":15},"end":{"line":150,"column":16}},"loc":{"start":{"line":150,"column":41},"end":{"line":223,"column":1}},"line":150},"4":{"name":"(anonymous_4)","decl":{"start":{"line":226,"column":19},"end":{"line":226,"column":20}},"loc":{"start":{"line":226,"column":45},"end":{"line":260,"column":1}},"line":226},"5":{"name":"(anonymous_5)","decl":{"start":{"line":262,"column":19},"end":{"line":262,"column":20}},"loc":{"start":{"line":262,"column":45},"end":{"line":306,"column":1}},"line":262}},"branchMap":{"0":{"loc":{"start":{"line":7,"column":2},"end":{"line":7,"column":31}},"type":"if","locations":[{"start":{"line":7,"column":2},"end":{"line":7,"column":31}},{"start":{},"end":{}}],"line":7},"1":{"loc":{"start":{"line":11,"column":2},"end":{"line":13,"column":3}},"type":"if","locations":[{"start":{"line":11,"column":2},"end":{"line":13,"column":3}},{"start":{},"end":{}}],"line":11},"2":{"loc":{"start":{"line":16,"column":24},"end":{"line":16,"column":72}},"type":"binary-expr","locations":[{"start":{"line":16,"column":24},"end":{"line":16,"column":41}},{"start":{"line":16,"column":45},"end":{"line":16,"column":63}},{"start":{"line":16,"column":67},"end":{"line":16,"column":72}}],"line":16},"3":{"loc":{"start":{"line":41,"column":15},"end":{"line":41,"column":44}},"type":"binary-expr","locations":[{"start":{"line":41,"column":15},"end":{"line":41,"column":39}},{"start":{"line":41,"column":43},"end":{"line":41,"column":44}}],"line":41},"4":{"loc":{"start":{"line":42,"column":14},"end":{"line":42,"column":45}},"type":"binary-expr","locations":[{"start":{"line":42,"column":14},"end":{"line":42,"column":39}},{"start":{"line":42,"column":43},"end":{"line":42,"column":45}}],"line":42},"5":{"loc":{"start":{"line":43,"column":0},"end":{"line":45,"column":1}},"type":"if","locations":[{"start":{"line":43,"column":0},"end":{"line":45,"column":1}},{"start":{},"end":{}}],"line":43},"6":{"loc":{"start":{"line":47,"column":0},"end":{"line":49,"column":1}},"type":"if","locations":[{"start":{"line":47,"column":0},"end":{"line":49,"column":1}},{"start":{},"end":{}}],"line":47},"7":{"loc":{"start":{"line":47,"column":4},"end":{"line":47,"column":28}},"type":"binary-expr","locations":[{"start":{"line":47,"column":4},"end":{"line":47,"column":13}},{"start":{"line":47,"column":17},"end":{"line":47,"column":28}}],"line":47},"8":{"loc":{"start":{"line":54,"column":0},"end":{"line":59,"column":1}},"type":"if","locations":[{"start":{"line":54,"column":0},"end":{"line":59,"column":1}},{"start":{},"end":{}}],"line":54},"9":{"loc":{"start":{"line":110,"column":2},"end":{"line":114,"column":3}},"type":"if","locations":[{"start":{"line":110,"column":2},"end":{"line":114,"column":3}},{"start":{},"end":{}}],"line":110},"10":{"loc":{"start":{"line":139,"column":4},"end":{"line":141,"column":5}},"type":"if","locations":[{"start":{"line":139,"column":4},"end":{"line":141,"column":5}},{"start":{},"end":{}}],"line":139},"11":{"loc":{"start":{"line":154,"column":2},"end":{"line":158,"column":3}},"type":"if","locations":[{"start":{"line":154,"column":2},"end":{"line":158,"column":3}},{"start":{},"end":{}}],"line":154},"12":{"loc":{"start":{"line":160,"column":2},"end":{"line":160,"column":31}},"type":"if","locations":[{"start":{"line":160,"column":2},"end":{"line":160,"column":31}},{"start":{},"end":{}}],"line":160},"13":{"loc":{"start":{"line":164,"column":2},"end":{"line":166,"column":3}},"type":"if","locations":[{"start":{"line":164,"column":2},"end":{"line":166,"column":3}},{"start":{},"end":{}}],"line":164},"14":{"loc":{"start":{"line":170,"column":2},"end":{"line":170,"column":64}},"type":"if","locations":[{"start":{"line":170,"column":2},"end":{"line":170,"column":64}},{"start":{},"end":{}}],"line":170},"15":{"loc":{"start":{"line":173,"column":4},"end":{"line":173,"column":43}},"type":"binary-expr","locations":[{"start":{"line":173,"column":4},"end":{"line":173,"column":21}},{"start":{"line":173,"column":25},"end":{"line":173,"column":43}}],"line":173},"16":{"loc":{"start":{"line":175,"column":2},"end":{"line":177,"column":3}},"type":"if","locations":[{"start":{"line":175,"column":2},"end":{"line":177,"column":3}},{"start":{},"end":{}}],"line":175},"17":{"loc":{"start":{"line":178,"column":2},"end":{"line":178,"column":73}},"type":"if","locations":[{"start":{"line":178,"column":2},"end":{"line":178,"column":73}},{"start":{},"end":{}}],"line":178},"18":{"loc":{"start":{"line":181,"column":2},"end":{"line":201,"column":3}},"type":"if","locations":[{"start":{"line":181,"column":2},"end":{"line":201,"column":3}},{"start":{},"end":{}}],"line":181},"19":{"loc":{"start":{"line":193,"column":6},"end":{"line":195,"column":7}},"type":"if","locations":[{"start":{"line":193,"column":6},"end":{"line":195,"column":7}},{"start":{},"end":{}}],"line":193},"20":{"loc":{"start":{"line":218,"column":4},"end":{"line":220,"column":5}},"type":"if","locations":[{"start":{"line":218,"column":4},"end":{"line":220,"column":5}},{"start":{},"end":{}}],"line":218},"21":{"loc":{"start":{"line":230,"column":2},"end":{"line":234,"column":3}},"type":"if","locations":[{"start":{"line":230,"column":2},"end":{"line":234,"column":3}},{"start":{},"end":{}}],"line":230},"22":{"loc":{"start":{"line":255,"column":4},"end":{"line":257,"column":5}},"type":"if","locations":[{"start":{"line":255,"column":4},"end":{"line":257,"column":5}},{"start":{},"end":{}}],"line":255},"23":{"loc":{"start":{"line":263,"column":20},"end":{"line":263,"column":34}},"type":"binary-expr","locations":[{"start":{"line":263,"column":20},"end":{"line":263,"column":28}},{"start":{"line":263,"column":32},"end":{"line":263,"column":34}}],"line":263},"24":{"loc":{"start":{"line":266,"column":2},"end":{"line":270,"column":3}},"type":"if","locations":[{"start":{"line":266,"column":2},"end":{"line":270,"column":3}},{"start":{},"end":{}}],"line":266},"25":{"loc":{"start":{"line":266,"column":6},"end":{"line":266,"column":59}},"type":"binary-expr","locations":[{"start":{"line":266,"column":6},"end":{"line":266,"column":12}},{"start":{"line":266,"column":16},"end":{"line":266,"column":37}},{"start":{"line":266,"column":41},"end":{"line":266,"column":59}}],"line":266},"26":{"loc":{"start":{"line":276,"column":4},"end":{"line":281,"column":5}},"type":"if","locations":[{"start":{"line":276,"column":4},"end":{"line":281,"column":5}},{"start":{},"end":{}}],"line":276},"27":{"loc":{"start":{"line":285,"column":19},"end":{"line":285,"column":67}},"type":"binary-expr","locations":[{"start":{"line":285,"column":19},"end":{"line":285,"column":36}},{"start":{"line":285,"column":40},"end":{"line":285,"column":58}},{"start":{"line":285,"column":62},"end":{"line":285,"column":67}}],"line":285},"28":{"loc":{"start":{"line":286,"column":16},"end":{"line":286,"column":42}},"type":"binary-expr","locations":[{"start":{"line":286,"column":16},"end":{"line":286,"column":30}},{"start":{"line":286,"column":34},"end":{"line":286,"column":42}}],"line":286}},"s":{"0":2,"1":2,"2":2,"3":3,"4":0,"5":3,"6":3,"7":0,"8":3,"9":3,"10":3,"11":1,"12":2,"13":2,"14":4,"15":4,"16":4,"17":0,"18":4,"19":0,"20":4,"21":4,"22":3,"23":0,"24":3,"25":3,"26":3,"27":3,"28":3,"29":3,"30":0,"31":2,"32":2,"33":2,"34":0,"35":2,"36":2,"37":2,"38":1,"39":1,"40":0,"41":2,"42":2,"43":2,"44":0,"45":2,"46":0,"47":2,"48":2,"49":0,"50":2,"51":2,"52":0,"53":2,"54":2,"55":2,"56":2,"57":0,"58":2,"59":0,"60":0,"61":0,"62":0,"63":0,"64":0,"65":2,"66":2,"67":1,"68":1,"69":1,"70":0,"71":2,"72":2,"73":2,"74":0,"75":2,"76":2,"77":1,"78":1,"79":1,"80":0,"81":2,"82":0,"83":0,"84":0,"85":0,"86":0,"87":0,"88":0,"89":0,"90":0,"91":0,"92":0,"93":0,"94":0,"95":2},"f":{"0":3,"1":4,"2":2,"3":2,"4":2,"5":0},"b":{"0":[0,3],"1":[0,3],"2":[3,0,0],"3":[4,4],"4":[4,4],"5":[0,4],"6":[0,4],"7":[4,4],"8":[0,3],"9":[0,2],"10":[1,1],"11":[0,2],"12":[0,2],"13":[0,2],"14":[0,2],"15":[2,0],"16":[2,0],"17":[0,2],"18":[0,2],"19":[0,0],"20":[1,0],"21":[0,2],"22":[1,0],"23":[0,0],"24":[0,0],"25":[0,0,0],"26":[0,0],"27":[0,0,0],"28":[0,0]},"_coverageSchema":"1a1c01bbd47fc00a2c39e90264f33305004495a9","hash":"c1cc22c6f7c019666a07dda179020530746c8f59"}
,"/Users/elenatereshchenko/Desktop/CTD/node-homework/controllers/userController.js": {"path":"/Users/elenatereshchenko/Desktop/CTD/node-homework/controllers/userController.js","statementMap":{"0":{"start":{"line":1,"column":23},"end":{"line":1,"column":58}},"1":{"start":{"line":2,"column":24},"end":{"line":2,"column":52}},"2":{"start":{"line":3,"column":15},"end":{"line":3,"column":32}},"3":{"start":{"line":4,"column":13},"end":{"line":4,"column":28}},"4":{"start":{"line":5,"column":15},"end":{"line":5,"column":44}},"5":{"start":{"line":6,"column":15},"end":{"line":6,"column":38}},"6":{"start":{"line":9,"column":23},"end":{"line":9,"column":40}},"7":{"start":{"line":10,"column":12},"end":{"line":10,"column":35}},"8":{"start":{"line":12,"column":20},"end":{"line":18,"column":1}},"9":{"start":{"line":13,"column":2},"end":{"line":17,"column":4}},"10":{"start":{"line":20,"column":21},"end":{"line":27,"column":1}},"11":{"start":{"line":22,"column":18},"end":{"line":22,"column":58}},"12":{"start":{"line":23,"column":16},"end":{"line":23,"column":78}},"13":{"start":{"line":25,"column":2},"end":{"line":25,"column":69}},"14":{"start":{"line":26,"column":2},"end":{"line":26,"column":27}},"15":{"start":{"line":30,"column":15},"end":{"line":30,"column":53}},"16":{"start":{"line":31,"column":21},"end":{"line":31,"column":53}},"17":{"start":{"line":32,"column":2},"end":{"line":32,"column":49}},"18":{"start":{"line":36,"column":22},"end":{"line":36,"column":43}},"19":{"start":{"line":37,"column":20},"end":{"line":37,"column":43}},"20":{"start":{"line":38,"column":21},"end":{"line":38,"column":58}},"21":{"start":{"line":39,"column":2},"end":{"line":39,"column":55}},"22":{"start":{"line":43,"column":17},"end":{"line":129,"column":3}},"23":{"start":{"line":44,"column":4},"end":{"line":44,"column":33}},"24":{"start":{"line":44,"column":19},"end":{"line":44,"column":33}},"25":{"start":{"line":46,"column":29},"end":{"line":46,"column":81}},"26":{"start":{"line":47,"column":4},"end":{"line":52,"column":5}},"27":{"start":{"line":48,"column":6},"end":{"line":51,"column":9}},"28":{"start":{"line":54,"column":4},"end":{"line":54,"column":63}},"29":{"start":{"line":55,"column":4},"end":{"line":55,"column":26}},"30":{"start":{"line":58,"column":4},"end":{"line":128,"column":5}},"31":{"start":{"line":59,"column":30},"end":{"line":59,"column":55}},"32":{"start":{"line":62,"column":29},"end":{"line":62,"column":50}},"33":{"start":{"line":65,"column":21},"end":{"line":107,"column":8}},"34":{"start":{"line":67,"column":24},"end":{"line":79,"column":10}},"35":{"start":{"line":82,"column":32},"end":{"line":86,"column":9}},"36":{"start":{"line":88,"column":8},"end":{"line":88,"column":60}},"37":{"start":{"line":91,"column":29},"end":{"line":104,"column":10}},"38":{"start":{"line":94,"column":52},"end":{"line":94,"column":59}},"39":{"start":{"line":106,"column":8},"end":{"line":106,"column":47}},"40":{"start":{"line":112,"column":24},"end":{"line":112,"column":59}},"41":{"start":{"line":114,"column":6},"end":{"line":121,"column":9}},"42":{"start":{"line":124,"column":6},"end":{"line":126,"column":7}},"43":{"start":{"line":125,"column":8},"end":{"line":125,"column":75}},"44":{"start":{"line":127,"column":6},"end":{"line":127,"column":23}},"45":{"start":{"line":132,"column":14},"end":{"line":181,"column":3}},"46":{"start":{"line":133,"column":4},"end":{"line":133,"column":33}},"47":{"start":{"line":133,"column":19},"end":{"line":133,"column":33}},"48":{"start":{"line":135,"column":32},"end":{"line":135,"column":40}},"49":{"start":{"line":137,"column":4},"end":{"line":180,"column":5}},"50":{"start":{"line":138,"column":30},"end":{"line":138,"column":57}},"51":{"start":{"line":140,"column":13},"end":{"line":149,"column":2}},"52":{"start":{"line":151,"column":0},"end":{"line":155,"column":1}},"53":{"start":{"line":152,"column":2},"end":{"line":154,"column":48}},"54":{"start":{"line":157,"column":29},"end":{"line":160,"column":7}},"55":{"start":{"line":162,"column":6},"end":{"line":166,"column":7}},"56":{"start":{"line":163,"column":8},"end":{"line":165,"column":54}},"57":{"start":{"line":171,"column":24},"end":{"line":171,"column":52}},"58":{"start":{"line":173,"column":6},"end":{"line":177,"column":9}},"59":{"start":{"line":179,"column":6},"end":{"line":179,"column":23}},"60":{"start":{"line":184,"column":15},"end":{"line":191,"column":1}},"61":{"start":{"line":188,"column":2},"end":{"line":188,"column":43}},"62":{"start":{"line":190,"column":2},"end":{"line":190,"column":40}},"63":{"start":{"line":193,"column":0},"end":{"line":197,"column":2}}},"fnMap":{"0":{"name":"(anonymous_0)","decl":{"start":{"line":12,"column":20},"end":{"line":12,"column":21}},"loc":{"start":{"line":12,"column":29},"end":{"line":18,"column":1}},"line":12},"1":{"name":"(anonymous_1)","decl":{"start":{"line":20,"column":21},"end":{"line":20,"column":22}},"loc":{"start":{"line":20,"column":41},"end":{"line":27,"column":1}},"line":20},"2":{"name":"hashPassword","decl":{"start":{"line":29,"column":15},"end":{"line":29,"column":27}},"loc":{"start":{"line":29,"column":38},"end":{"line":33,"column":1}},"line":29},"3":{"name":"comparePassword","decl":{"start":{"line":35,"column":15},"end":{"line":35,"column":30}},"loc":{"start":{"line":35,"column":58},"end":{"line":40,"column":1}},"line":35},"4":{"name":"(anonymous_4)","decl":{"start":{"line":43,"column":17},"end":{"line":43,"column":18}},"loc":{"start":{"line":43,"column":43},"end":{"line":129,"column":3}},"line":43},"5":{"name":"(anonymous_5)","decl":{"start":{"line":65,"column":47},"end":{"line":65,"column":48}},"loc":{"start":{"line":65,"column":61},"end":{"line":107,"column":7}},"line":65},"6":{"name":"(anonymous_6)","decl":{"start":{"line":94,"column":45},"end":{"line":94,"column":46}},"loc":{"start":{"line":94,"column":52},"end":{"line":94,"column":59}},"line":94},"7":{"name":"(anonymous_7)","decl":{"start":{"line":132,"column":14},"end":{"line":132,"column":15}},"loc":{"start":{"line":132,"column":40},"end":{"line":181,"column":3}},"line":132},"8":{"name":"(anonymous_8)","decl":{"start":{"line":184,"column":15},"end":{"line":184,"column":16}},"loc":{"start":{"line":184,"column":29},"end":{"line":191,"column":1}},"line":184}},"branchMap":{"0":{"loc":{"start":{"line":44,"column":4},"end":{"line":44,"column":33}},"type":"if","locations":[{"start":{"line":44,"column":4},"end":{"line":44,"column":33}},{"start":{},"end":{}}],"line":44},"1":{"loc":{"start":{"line":47,"column":4},"end":{"line":52,"column":5}},"type":"if","locations":[{"start":{"line":47,"column":4},"end":{"line":52,"column":5}},{"start":{},"end":{}}],"line":47},"2":{"loc":{"start":{"line":124,"column":6},"end":{"line":126,"column":7}},"type":"if","locations":[{"start":{"line":124,"column":6},"end":{"line":126,"column":7}},{"start":{},"end":{}}],"line":124},"3":{"loc":{"start":{"line":133,"column":4},"end":{"line":133,"column":33}},"type":"if","locations":[{"start":{"line":133,"column":4},"end":{"line":133,"column":33}},{"start":{},"end":{}}],"line":133},"4":{"loc":{"start":{"line":138,"column":31},"end":{"line":138,"column":42}},"type":"binary-expr","locations":[{"start":{"line":138,"column":31},"end":{"line":138,"column":36}},{"start":{"line":138,"column":40},"end":{"line":138,"column":42}}],"line":138},"5":{"loc":{"start":{"line":151,"column":0},"end":{"line":155,"column":1}},"type":"if","locations":[{"start":{"line":151,"column":0},"end":{"line":155,"column":1}},{"start":{},"end":{}}],"line":151},"6":{"loc":{"start":{"line":162,"column":6},"end":{"line":166,"column":7}},"type":"if","locations":[{"start":{"line":162,"column":6},"end":{"line":166,"column":7}},{"start":{},"end":{}}],"line":162}},"s":{"0":2,"1":2,"2":2,"3":2,"4":2,"5":2,"6":2,"7":2,"8":2,"9":6,"10":2,"11":4,"12":4,"13":4,"14":4,"15":3,"16":3,"17":3,"18":3,"19":3,"20":3,"21":3,"22":2,"23":3,"24":0,"25":3,"26":3,"27":0,"28":3,"29":3,"30":3,"31":3,"32":3,"33":3,"34":3,"35":2,"36":2,"37":2,"38":6,"39":2,"40":2,"41":2,"42":1,"43":1,"44":0,"45":2,"46":3,"47":0,"48":3,"49":3,"50":3,"51":3,"52":3,"53":0,"54":3,"55":3,"56":1,"57":2,"58":2,"59":0,"60":2,"61":2,"62":2,"63":2},"f":{"0":6,"1":4,"2":3,"3":3,"4":3,"5":3,"6":6,"7":3,"8":2},"b":{"0":[0,3],"1":[0,3],"2":[1,0],"3":[0,3],"4":[3,0],"5":[0,3],"6":[1,2]},"_coverageSchema":"1a1c01bbd47fc00a2c39e90264f33305004495a9","hash":"bc751776b036d2e126371a7edc7e8bbd7ab001a0"}
,"/Users/elenatereshchenko/Desktop/CTD/node-homework/db/prisma.js": {"path":"/Users/elenatereshchenko/Desktop/CTD/node-homework/db/prisma.js","statementMap":{"0":{"start":{"line":1,"column":25},"end":{"line":1,"column":50}},"1":{"start":{"line":2,"column":0},"end":{"line":6,"column":1}},"2":{"start":{"line":3,"column":2},"end":{"line":3,"column":26}},"3":{"start":{"line":5,"column":2},"end":{"line":5,"column":12}},"4":{"start":{"line":7,"column":15},"end":{"line":7,"column":37}},"5":{"start":{"line":9,"column":0},"end":{"line":9,"column":24}}},"fnMap":{},"branchMap":{"0":{"loc":{"start":{"line":2,"column":0},"end":{"line":6,"column":1}},"type":"if","locations":[{"start":{"line":2,"column":0},"end":{"line":6,"column":1}},{"start":{"line":4,"column":7},"end":{"line":6,"column":1}}],"line":2},"1":{"loc":{"start":{"line":2,"column":4},"end":{"line":2,"column":66}},"type":"binary-expr","locations":[{"start":{"line":2,"column":4},"end":{"line":2,"column":25}},{"start":{"line":2,"column":29},"end":{"line":2,"column":66}}],"line":2}},"s":{"0":3,"1":3,"2":0,"3":3,"4":3,"5":3},"f":{},"b":{"0":[0,3],"1":[3,3]},"_coverageSchema":"1a1c01bbd47fc00a2c39e90264f33305004495a9","hash":"6d0d1bc57fd9d71469a70722a2f814f2be774409"}
,"/Users/elenatereshchenko/Desktop/CTD/node-homework/middleware/error-handler.js": {"path":"/Users/elenatereshchenko/Desktop/CTD/node-homework/middleware/error-handler.js","statementMap":{"0":{"start":{"line":1,"column":24},"end":{"line":1,"column":52}},"1":{"start":{"line":3,"column":31},"end":{"line":24,"column":1}},"2":{"start":{"line":5,"column":2},"end":{"line":7,"column":3}},"3":{"start":{"line":6,"column":4},"end":{"line":6,"column":70}},"4":{"start":{"line":10,"column":2},"end":{"line":12,"column":3}},"5":{"start":{"line":11,"column":4},"end":{"line":11,"column":91}},"6":{"start":{"line":13,"column":2},"end":{"line":17,"column":4}},"7":{"start":{"line":19,"column":2},"end":{"line":23,"column":3}},"8":{"start":{"line":20,"column":4},"end":{"line":22,"column":63}},"9":{"start":{"line":26,"column":0},"end":{"line":26,"column":40}}},"fnMap":{"0":{"name":"(anonymous_0)","decl":{"start":{"line":3,"column":31},"end":{"line":3,"column":32}},"loc":{"start":{"line":3,"column":56},"end":{"line":24,"column":1}},"line":3}},"branchMap":{"0":{"loc":{"start":{"line":5,"column":2},"end":{"line":7,"column":3}},"type":"if","locations":[{"start":{"line":5,"column":2},"end":{"line":7,"column":3}},{"start":{},"end":{}}],"line":5},"1":{"loc":{"start":{"line":10,"column":2},"end":{"line":12,"column":3}},"type":"if","locations":[{"start":{"line":10,"column":2},"end":{"line":12,"column":3}},{"start":{},"end":{}}],"line":10},"2":{"loc":{"start":{"line":10,"column":6},"end":{"line":10,"column":54}},"type":"binary-expr","locations":[{"start":{"line":10,"column":6},"end":{"line":10,"column":33}},{"start":{"line":10,"column":37},"end":{"line":10,"column":54}}],"line":10},"3":{"loc":{"start":{"line":19,"column":2},"end":{"line":23,"column":3}},"type":"if","locations":[{"start":{"line":19,"column":2},"end":{"line":23,"column":3}},{"start":{},"end":{}}],"line":19}},"s":{"0":1,"1":1,"2":0,"3":0,"4":0,"5":0,"6":0,"7":0,"8":0,"9":1},"f":{"0":0},"b":{"0":[0,0],"1":[0,0],"2":[0,0],"3":[0,0]},"_coverageSchema":"1a1c01bbd47fc00a2c39e90264f33305004495a9","hash":"e07e79db921c7e847cdeedf4f6e47fa090715991"}
,"/Users/elenatereshchenko/Desktop/CTD/node-homework/middleware/jwtMiddleware.js": {"path":"/Users/elenatereshchenko/Desktop/CTD/node-homework/middleware/jwtMiddleware.js","statementMap":{"0":{"start":{"line":1,"column":12},"end":{"line":1,"column":35}},"1":{"start":{"line":2,"column":24},"end":{"line":2,"column":52}},"2":{"start":{"line":4,"column":16},"end":{"line":8,"column":1}},"3":{"start":{"line":5,"column":2},"end":{"line":7,"column":52}},"4":{"start":{"line":10,"column":0},"end":{"line":31,"column":2}},"5":{"start":{"line":11,"column":16},"end":{"line":11,"column":33}},"6":{"start":{"line":12,"column":2},"end":{"line":14,"column":3}},"7":{"start":{"line":13,"column":4},"end":{"line":13,"column":24}},"8":{"start":{"line":15,"column":2},"end":{"line":30,"column":5}},"9":{"start":{"line":17,"column":4},"end":{"line":19,"column":5}},"10":{"start":{"line":18,"column":6},"end":{"line":18,"column":26}},"11":{"start":{"line":20,"column":4},"end":{"line":20,"column":34}},"12":{"start":{"line":23,"column":4},"end":{"line":28,"column":5}},"13":{"start":{"line":25,"column":6},"end":{"line":27,"column":7}},"14":{"start":{"line":26,"column":8},"end":{"line":26,"column":28}},"15":{"start":{"line":29,"column":4},"end":{"line":29,"column":11}}},"fnMap":{"0":{"name":"(anonymous_0)","decl":{"start":{"line":4,"column":16},"end":{"line":4,"column":17}},"loc":{"start":{"line":4,"column":25},"end":{"line":8,"column":1}},"line":4},"1":{"name":"(anonymous_1)","decl":{"start":{"line":10,"column":17},"end":{"line":10,"column":18}},"loc":{"start":{"line":10,"column":43},"end":{"line":31,"column":1}},"line":10},"2":{"name":"(anonymous_2)","decl":{"start":{"line":15,"column":44},"end":{"line":15,"column":45}},"loc":{"start":{"line":15,"column":62},"end":{"line":30,"column":3}},"line":15}},"branchMap":{"0":{"loc":{"start":{"line":12,"column":2},"end":{"line":14,"column":3}},"type":"if","locations":[{"start":{"line":12,"column":2},"end":{"line":14,"column":3}},{"start":{},"end":{}}],"line":12},"1":{"loc":{"start":{"line":17,"column":4},"end":{"line":19,"column":5}},"type":"if","locations":[{"start":{"line":17,"column":4},"end":{"line":19,"column":5}},{"start":{},"end":{}}],"line":17},"2":{"loc":{"start":{"line":23,"column":4},"end":{"line":28,"column":5}},"type":"if","locations":[{"start":{"line":23,"column":4},"end":{"line":28,"column":5}},{"start":{},"end":{}}],"line":23},"3":{"loc":{"start":{"line":25,"column":6},"end":{"line":27,"column":7}},"type":"if","locations":[{"start":{"line":25,"column":6},"end":{"line":27,"column":7}},{"start":{},"end":{}}],"line":25}},"s":{"0":2,"1":2,"2":2,"3":3,"4":2,"5":5,"6":5,"7":1,"8":4,"9":4,"10":1,"11":3,"12":3,"13":3,"14":1,"15":2},"f":{"0":3,"1":5,"2":4},"b":{"0":[1,4],"1":[1,3],"2":[3,0],"3":[1,2]},"_coverageSchema":"1a1c01bbd47fc00a2c39e90264f33305004495a9","hash":"68b52f04488de58be85f9ed38c5bb91510a16a4c"}
,"/Users/elenatereshchenko/Desktop/CTD/node-homework/middleware/not-found.js": {"path":"/Users/elenatereshchenko/Desktop/CTD/node-homework/middleware/not-found.js","statementMap":{"0":{"start":{"line":2,"column":24},"end":{"line":2,"column":52}},"1":{"start":{"line":4,"column":0},"end":{"line":8,"column":2}},"2":{"start":{"line":5,"column":2},"end":{"line":7,"column":70}}},"fnMap":{"0":{"name":"(anonymous_0)","decl":{"start":{"line":4,"column":17},"end":{"line":4,"column":18}},"loc":{"start":{"line":4,"column":31},"end":{"line":8,"column":1}},"line":4}},"branchMap":{},"s":{"0":1,"1":1,"2":0},"f":{"0":0},"b":{},"_coverageSchema":"1a1c01bbd47fc00a2c39e90264f33305004495a9","hash":"ad3b6a1e1d0eea4a265172cf3baca39dd99288d3"}
,"/Users/elenatereshchenko/Desktop/CTD/node-homework/routes/analyticsRoutes.js": {"path":"/Users/elenatereshchenko/Desktop/CTD/node-homework/routes/analyticsRoutes.js","statementMap":{"0":{"start":{"line":1,"column":16},"end":{"line":1,"column":34}},"1":{"start":{"line":2,"column":15},"end":{"line":2,"column":31}},"2":{"start":{"line":8,"column":4},"end":{"line":8,"column":49}},"3":{"start":{"line":10,"column":0},"end":{"line":10,"column":40}},"4":{"start":{"line":11,"column":0},"end":{"line":11,"column":42}},"5":{"start":{"line":12,"column":0},"end":{"line":12,"column":40}},"6":{"start":{"line":14,"column":0},"end":{"line":14,"column":24}}},"fnMap":{},"branchMap":{},"s":{"0":1,"1":1,"2":1,"3":1,"4":1,"5":1,"6":1},"f":{},"b":{},"_coverageSchema":"1a1c01bbd47fc00a2c39e90264f33305004495a9","hash":"5496184b2cc71bf523b4399a81b9737c38b88a2a"}
,"/Users/elenatereshchenko/Desktop/CTD/node-homework/routes/taskRoutes.js": {"path":"/Users/elenatereshchenko/Desktop/CTD/node-homework/routes/taskRoutes.js","statementMap":{"0":{"start":{"line":1,"column":16},"end":{"line":1,"column":34}},"1":{"start":{"line":2,"column":15},"end":{"line":2,"column":31}},"2":{"start":{"line":11,"column":4},"end":{"line":11,"column":44}},"3":{"start":{"line":14,"column":0},"end":{"line":16,"column":16}},"4":{"start":{"line":18,"column":0},"end":{"line":18,"column":33}},"5":{"start":{"line":21,"column":0},"end":{"line":24,"column":22}},"6":{"start":{"line":26,"column":0},"end":{"line":26,"column":24}}},"fnMap":{},"branchMap":{},"s":{"0":1,"1":1,"2":1,"3":1,"4":1,"5":1,"6":1},"f":{},"b":{},"_coverageSchema":"1a1c01bbd47fc00a2c39e90264f33305004495a9","hash":"0e24980ff7d2af164d5cb0de54c84e4c1b200b87"}
,"/Users/elenatereshchenko/Desktop/CTD/node-homework/routes/userRoutes.js": {"path":"/Users/elenatereshchenko/Desktop/CTD/node-homework/routes/userRoutes.js","statementMap":{"0":{"start":{"line":1,"column":16},"end":{"line":1,"column":34}},"1":{"start":{"line":3,"column":15},"end":{"line":3,"column":31}},"2":{"start":{"line":4,"column":36},"end":{"line":4,"column":76}},"3":{"start":{"line":7,"column":22},"end":{"line":7,"column":60}},"4":{"start":{"line":9,"column":0},"end":{"line":9,"column":41}},"5":{"start":{"line":10,"column":0},"end":{"line":10,"column":35}},"6":{"start":{"line":11,"column":0},"end":{"line":11,"column":52}},"7":{"start":{"line":13,"column":0},"end":{"line":13,"column":24}}},"fnMap":{},"branchMap":{},"s":{"0":1,"1":1,"2":1,"3":1,"4":1,"5":1,"6":1,"7":1},"f":{},"b":{},"_coverageSchema":"1a1c01bbd47fc00a2c39e90264f33305004495a9","hash":"7c2d55066b64333eab856624620f815cb1f3be4c"}
,"/Users/elenatereshchenko/Desktop/CTD/node-homework/test/waitForRouteHandlerCompletion.js": {"path":"/Users/elenatereshchenko/Desktop/CTD/node-homework/test/waitForRouteHandlerCompletion.js","statementMap":{"0":{"start":{"line":1,"column":38},"end":{"line":15,"column":3}},"1":{"start":{"line":3,"column":20},"end":{"line":11,"column":6}},"2":{"start":{"line":4,"column":6},"end":{"line":7,"column":9}},"3":{"start":{"line":5,"column":8},"end":{"line":5,"column":40}},"4":{"start":{"line":5,"column":19},"end":{"line":5,"column":40}},"5":{"start":{"line":6,"column":8},"end":{"line":6,"column":18}},"6":{"start":{"line":8,"column":6},"end":{"line":10,"column":9}},"7":{"start":{"line":9,"column":8},"end":{"line":9,"column":18}},"8":{"start":{"line":12,"column":4},"end":{"line":12,"column":31}},"9":{"start":{"line":13,"column":4},"end":{"line":13,"column":18}},"10":{"start":{"line":14,"column":4},"end":{"line":14,"column":16}},"11":{"start":{"line":17,"column":2},"end":{"line":17,"column":49}}},"fnMap":{"0":{"name":"(anonymous_0)","decl":{"start":{"line":1,"column":38},"end":{"line":1,"column":39}},"loc":{"start":{"line":1,"column":64},"end":{"line":15,"column":3}},"line":1},"1":{"name":"(anonymous_1)","decl":{"start":{"line":3,"column":32},"end":{"line":3,"column":33}},"loc":{"start":{"line":3,"column":53},"end":{"line":11,"column":5}},"line":3},"2":{"name":"(anonymous_2)","decl":{"start":{"line":4,"column":21},"end":{"line":4,"column":22}},"loc":{"start":{"line":4,"column":32},"end":{"line":7,"column":7}},"line":4},"3":{"name":"(anonymous_3)","decl":{"start":{"line":8,"column":23},"end":{"line":8,"column":24}},"loc":{"start":{"line":8,"column":29},"end":{"line":10,"column":7}},"line":8}},"branchMap":{"0":{"loc":{"start":{"line":5,"column":8},"end":{"line":5,"column":40}},"type":"if","locations":[{"start":{"line":5,"column":8},"end":{"line":5,"column":40}},{"start":{},"end":{}}],"line":5}},"s":{"0":2,"1":22,"2":22,"3":3,"4":2,"5":1,"6":22,"7":18,"8":22,"9":21,"10":19,"11":2},"f":{"0":22,"1":22,"2":3,"3":18},"b":{"0":[2,1]},"_coverageSchema":"1a1c01bbd47fc00a2c39e90264f33305004495a9","hash":"50752e2de889958617fc9e94aa71012283d1d744"}
,"/Users/elenatereshchenko/Desktop/CTD/node-homework/validation/taskSchema.js": {"path":"/Users/elenatereshchenko/Desktop/CTD/node-homework/validation/taskSchema.js","statementMap":{"0":{"start":{"line":1,"column":12},"end":{"line":1,"column":26}},"1":{"start":{"line":3,"column":19},"end":{"line":7,"column":2}},"2":{"start":{"line":9,"column":24},"end":{"line":15,"column":53}},"3":{"start":{"line":17,"column":0},"end":{"line":17,"column":49}}},"fnMap":{},"branchMap":{},"s":{"0":3,"1":3,"2":3,"3":3},"f":{},"b":{},"_coverageSchema":"1a1c01bbd47fc00a2c39e90264f33305004495a9","hash":"50c34e4e7775cca2412f054a3ee5eb6408f2c323"}
,"/Users/elenatereshchenko/Desktop/CTD/node-homework/validation/userSchema.js": {"path":"/Users/elenatereshchenko/Desktop/CTD/node-homework/validation/userSchema.js","statementMap":{"0":{"start":{"line":1,"column":12},"end":{"line":1,"column":26}},"1":{"start":{"line":3,"column":19},"end":{"line":15,"column":2}},"2":{"start":{"line":17,"column":0},"end":{"line":17,"column":32}}},"fnMap":{},"branchMap":{},"s":{"0":3,"1":3,"2":3},"f":{},"b":{},"_coverageSchema":"1a1c01bbd47fc00a2c39e90264f33305004495a9","hash":"3b51aec143a0cbcf5240602da4b30899ed96f108"}
}
