TN:
SF:app.js
FN:34,(anonymous_0)
FN:62,(anonymous_1)
FN:66,(anonymous_2)
FN:71,(anonymous_3)
FN:100,(anonymous_4)
FN:103,(anonymous_5)
FN:113,shutdown
FN:118,(anonymous_7)
FN:138,(anonymous_8)
FN:139,(anonymous_9)
FN:140,(anonymous_10)
FN:144,(anonymous_11)
FNF:12
FNH:2
FNDA:3,(anonymous_0)
FNDA:0,(anonymous_1)
FNDA:0,(anonymous_2)
FNDA:0,(anonymous_3)
FNDA:1,(anonymous_4)
FNDA:0,(anonymous_5)
FNDA:0,shutdown
FNDA:0,(anonymous_7)
FNDA:0,(anonymous_8)
FNDA:0,(anonymous_9)
FNDA:0,(anonymous_10)
FNDA:0,(anonymous_11)
DA:1,1
DA:3,1
DA:5,1
DA:6,1
DA:7,1
DA:8,1
DA:9,1
DA:12,1
DA:13,1
DA:14,1
DA:16,1
DA:23,1
DA:26,1
DA:29,1
DA:31,1
DA:34,1
DA:35,3
DA:36,3
DA:37,3
DA:38,3
DA:42,1
DA:43,1
DA:47,1
DA:50,1
DA:56,1
DA:59,1
DA:62,1
DA:63,0
DA:66,1
DA:67,0
DA:71,1
DA:72,0
DA:73,0
DA:74,0
DA:76,0
DA:83,1
DA:86,1
DA:88,1
DA:92,1
DA:93,1
DA:95,1
DA:96,1
DA:99,1
DA:100,1
DA:101,1
DA:103,1
DA:104,0
DA:105,0
DA:107,0
DA:109,0
DA:112,1
DA:114,0
DA:115,0
DA:116,0
DA:117,0
DA:118,0
DA:119,0
DA:125,0
DA:126,0
DA:130,0
DA:131,0
DA:133,0
DA:134,0
DA:138,1
DA:139,1
DA:140,1
DA:141,0
DA:142,0
DA:144,1
DA:145,0
DA:146,0
DA:148,1
LF:72
LH:46
BRDA:99,0,0,1
BRDA:99,0,1,1
BRDA:104,1,0,0
BRDA:104,1,1,0
BRDA:113,2,0,0
BRDA:114,3,0,0
BRDA:114,3,1,0
BRF:7
BRH:2
end_of_record
TN:
SF:controllers/analyticsController.js
FN:3,(anonymous_0)
FN:69,(anonymous_1)
FN:98,(anonymous_2)
FN:125,(anonymous_3)
FNF:4
FNH:0
FNDA:0,(anonymous_0)
FNDA:0,(anonymous_1)
FNDA:0,(anonymous_2)
FNDA:0,(anonymous_3)
DA:1,1
DA:3,1
DA:4,0
DA:6,0
DA:7,0
DA:10,0
DA:12,0
DA:17,0
DA:18,0
DA:22,0
DA:29,0
DA:47,0
DA:48,0
DA:50,0
DA:59,0
DA:65,0
DA:69,1
DA:70,0
DA:71,0
DA:72,0
DA:73,0
DA:76,0
DA:77,0
DA:79,0
DA:81,0
DA:82,0
DA:98,0
DA:107,0
DA:108,0
DA:110,0
DA:119,0
DA:121,0
DA:125,1
DA:126,0
DA:128,0
DA:129,0
DA:134,0
DA:135,0
DA:136,0
DA:140,0
DA:141,0
DA:142,0
DA:144,0
DA:145,0
DA:169,0
DA:175,0
DA:179,1
LF:47
LH:5
BRDA:6,0,0,0
BRDA:6,0,1,0
BRDA:17,1,0,0
BRDA:17,1,1,0
BRDA:70,2,0,0
BRDA:70,2,1,0
BRDA:71,3,0,0
BRDA:71,3,1,0
BRDA:72,4,0,0
BRDA:72,4,1,0
BRDA:76,5,0,0
BRDA:76,5,1,0
BRDA:76,6,0,0
BRDA:76,6,1,0
BRDA:126,7,0,0
BRDA:126,7,1,0
BRDA:128,8,0,0
BRDA:128,8,1,0
BRDA:134,9,0,0
BRDA:134,9,1,0
BRDA:135,10,0,0
BRDA:135,10,1,0
BRDA:135,11,0,0
BRDA:135,11,1,0
BRF:24
BRH:0
end_of_record
TN:
SF:controllers/taskController.js
FN:6,(anonymous_0)
FN:40,(anonymous_1)
FN:106,(anonymous_2)
FN:150,(anonymous_3)
FN:226,(anonymous_4)
FN:262,(anonymous_5)
FNF:6
FNH:5
FNDA:3,(anonymous_0)
FNDA:4,(anonymous_1)
FNDA:2,(anonymous_2)
FNDA:2,(anonymous_3)
FNDA:2,(anonymous_4)
FNDA:0,(anonymous_5)
DA:1,2
DA:3,2
DA:6,2
DA:7,3
DA:9,3
DA:11,3
DA:12,0
DA:15,3
DA:16,3
DA:18,3
DA:33,1
DA:35,2
DA:40,2
DA:41,4
DA:42,4
DA:43,4
DA:44,0
DA:47,4
DA:48,0
DA:51,4
DA:52,4
DA:54,3
DA:55,0
DA:61,3
DA:62,3
DA:81,3
DA:84,3
DA:86,3
DA:99,3
DA:101,0
DA:106,2
DA:107,2
DA:110,2
DA:111,0
DA:116,2
DA:117,2
DA:139,2
DA:140,1
DA:143,1
DA:145,0
DA:150,2
DA:151,2
DA:154,2
DA:155,0
DA:160,2
DA:162,2
DA:164,2
DA:165,0
DA:169,2
DA:170,2
DA:173,2
DA:175,2
DA:176,2
DA:178,2
DA:181,2
DA:182,0
DA:183,0
DA:193,0
DA:194,0
DA:197,0
DA:199,0
DA:204,2
DA:205,2
DA:216,1
DA:218,1
DA:219,1
DA:221,0
DA:226,2
DA:227,2
DA:230,2
DA:231,0
DA:236,2
DA:237,2
DA:252,1
DA:255,1
DA:256,1
DA:258,0
DA:262,2
DA:263,0
DA:266,0
DA:267,0
DA:273,0
DA:274,0
DA:275,0
DA:276,0
DA:277,0
DA:283,0
DA:292,0
DA:293,0
DA:298,0
DA:304,0
DA:308,2
LF:92
LH:61
BRDA:7,0,0,0
BRDA:7,0,1,3
BRDA:11,1,0,0
BRDA:11,1,1,3
BRDA:16,2,0,3
BRDA:16,2,1,0
BRDA:16,2,2,0
BRDA:41,3,0,4
BRDA:41,3,1,4
BRDA:42,4,0,4
BRDA:42,4,1,4
BRDA:43,5,0,0
BRDA:43,5,1,4
BRDA:47,6,0,0
BRDA:47,6,1,4
BRDA:47,7,0,4
BRDA:47,7,1,4
BRDA:54,8,0,0
BRDA:54,8,1,3
BRDA:110,9,0,0
BRDA:110,9,1,2
BRDA:139,10,0,1
BRDA:139,10,1,1
BRDA:154,11,0,0
BRDA:154,11,1,2
BRDA:160,12,0,0
BRDA:160,12,1,2
BRDA:164,13,0,0
BRDA:164,13,1,2
BRDA:170,14,0,0
BRDA:170,14,1,2
BRDA:173,15,0,2
BRDA:173,15,1,0
BRDA:175,16,0,2
BRDA:175,16,1,0
BRDA:178,17,0,0
BRDA:178,17,1,2
BRDA:181,18,0,0
BRDA:181,18,1,2
BRDA:193,19,0,0
BRDA:193,19,1,0
BRDA:218,20,0,1
BRDA:218,20,1,0
BRDA:230,21,0,0
BRDA:230,21,1,2
BRDA:255,22,0,1
BRDA:255,22,1,0
BRDA:263,23,0,0
BRDA:263,23,1,0
BRDA:266,24,0,0
BRDA:266,24,1,0
BRDA:266,25,0,0
BRDA:266,25,1,0
BRDA:266,25,2,0
BRDA:276,26,0,0
BRDA:276,26,1,0
BRDA:285,27,0,0
BRDA:285,27,1,0
BRDA:285,27,2,0
BRDA:286,28,0,0
BRDA:286,28,1,0
BRF:61
BRH:26
end_of_record
TN:
SF:controllers/userController.js
FN:12,(anonymous_0)
FN:20,(anonymous_1)
FN:29,hashPassword
FN:35,comparePassword
FN:43,(anonymous_4)
FN:65,(anonymous_5)
FN:94,(anonymous_6)
FN:132,(anonymous_7)
FN:184,(anonymous_8)
FNF:9
FNH:9
FNDA:6,(anonymous_0)
FNDA:4,(anonymous_1)
FNDA:3,hashPassword
FNDA:3,comparePassword
FNDA:3,(anonymous_4)
FNDA:3,(anonymous_5)
FNDA:6,(anonymous_6)
FNDA:3,(anonymous_7)
FNDA:2,(anonymous_8)
DA:1,2
DA:2,2
DA:3,2
DA:4,2
DA:5,2
DA:6,2
DA:9,2
DA:10,2
DA:12,2
DA:13,6
DA:20,2
DA:22,4
DA:23,4
DA:25,4
DA:26,4
DA:30,3
DA:31,3
DA:32,3
DA:36,3
DA:37,3
DA:38,3
DA:39,3
DA:43,2
DA:44,3
DA:46,3
DA:47,3
DA:48,0
DA:54,3
DA:55,3
DA:58,3
DA:59,3
DA:62,3
DA:65,3
DA:67,3
DA:82,2
DA:88,2
DA:91,2
DA:94,6
DA:106,2
DA:112,2
DA:114,2
DA:124,1
DA:125,1
DA:127,0
DA:132,2
DA:133,3
DA:135,3
DA:137,3
DA:138,3
DA:140,3
DA:151,3
DA:152,0
DA:157,3
DA:162,3
DA:163,1
DA:171,2
DA:173,2
DA:179,0
DA:184,2
DA:188,2
DA:190,2
DA:193,2
LF:62
LH:58
BRDA:44,0,0,0
BRDA:44,0,1,3
BRDA:47,1,0,0
BRDA:47,1,1,3
BRDA:124,2,0,1
BRDA:124,2,1,0
BRDA:133,3,0,0
BRDA:133,3,1,3
BRDA:138,4,0,3
BRDA:138,4,1,0
BRDA:151,5,0,0
BRDA:151,5,1,3
BRDA:162,6,0,1
BRDA:162,6,1,2
BRF:14
BRH:8
end_of_record
TN:
SF:db/prisma.js
FNF:0
FNH:0
DA:1,3
DA:2,3
DA:3,0
DA:5,3
DA:7,3
DA:9,3
LF:6
LH:5
BRDA:2,0,0,0
BRDA:2,0,1,3
BRDA:2,1,0,3
BRDA:2,1,1,3
BRF:4
BRH:3
end_of_record
TN:
SF:middleware/error-handler.js
FN:3,(anonymous_0)
FNF:1
FNH:0
FNDA:0,(anonymous_0)
DA:1,1
DA:3,1
DA:5,0
DA:6,0
DA:10,0
DA:11,0
DA:13,0
DA:19,0
DA:20,0
DA:26,1
LF:10
LH:3
BRDA:5,0,0,0
BRDA:5,0,1,0
BRDA:10,1,0,0
BRDA:10,1,1,0
BRDA:10,2,0,0
BRDA:10,2,1,0
BRDA:19,3,0,0
BRDA:19,3,1,0
BRF:8
BRH:0
end_of_record
TN:
SF:middleware/jwtMiddleware.js
FN:4,(anonymous_0)
FN:10,(anonymous_1)
FN:15,(anonymous_2)
FNF:3
FNH:3
FNDA:3,(anonymous_0)
FNDA:5,(anonymous_1)
FNDA:4,(anonymous_2)
DA:1,2
DA:2,2
DA:4,2
DA:5,3
DA:10,2
DA:11,5
DA:12,5
DA:13,1
DA:15,4
DA:17,4
DA:18,1
DA:20,3
DA:23,3
DA:25,3
DA:26,1
DA:29,2
LF:16
LH:16
BRDA:12,0,0,1
BRDA:12,0,1,4
BRDA:17,1,0,1
BRDA:17,1,1,3
BRDA:23,2,0,3
BRDA:23,2,1,0
BRDA:25,3,0,1
BRDA:25,3,1,2
BRF:8
BRH:7
end_of_record
TN:
SF:middleware/not-found.js
FN:4,(anonymous_0)
FNF:1
FNH:0
FNDA:0,(anonymous_0)
DA:2,1
DA:4,1
DA:5,0
LF:3
LH:2
BRF:0
BRH:0
end_of_record
TN:
SF:routes/analyticsRoutes.js
FNF:0
FNH:0
DA:1,1
DA:2,1
DA:8,1
DA:10,1
DA:11,1
DA:12,1
DA:14,1
LF:7
LH:7
BRF:0
BRH:0
end_of_record
TN:
SF:routes/taskRoutes.js
FNF:0
FNH:0
DA:1,1
DA:2,1
DA:11,1
DA:14,1
DA:18,1
DA:21,1
DA:26,1
LF:7
LH:7
BRF:0
BRH:0
end_of_record
TN:
SF:routes/userRoutes.js
FNF:0
FNH:0
DA:1,1
DA:3,1
DA:4,1
DA:7,1
DA:9,1
DA:10,1
DA:11,1
DA:13,1
LF:8
LH:8
BRF:0
BRH:0
end_of_record
TN:
SF:test/waitForRouteHandlerCompletion.js
FN:1,(anonymous_0)
FN:3,(anonymous_1)
FN:4,(anonymous_2)
FN:8,(anonymous_3)
FNF:4
FNH:4
FNDA:22,(anonymous_0)
FNDA:22,(anonymous_1)
FNDA:3,(anonymous_2)
FNDA:18,(anonymous_3)
DA:1,2
DA:3,22
DA:4,22
DA:5,3
DA:6,1
DA:8,22
DA:9,18
DA:12,22
DA:13,21
DA:14,19
DA:17,2
LF:11
LH:11
BRDA:5,0,0,2
BRDA:5,0,1,1
BRF:2
BRH:2
end_of_record
TN:
SF:validation/taskSchema.js
FNF:0
FNH:0
DA:1,3
DA:3,3
DA:9,3
DA:17,3
LF:4
LH:4
BRF:0
BRH:0
end_of_record
TN:
SF:validation/userSchema.js
FNF:0
FNH:0
DA:1,3
DA:3,3
DA:17,3
LF:3
LH:3
BRF:0
BRH:0
end_of_record
